diff -I HINT: -I CONTEXT: -I GP_IGNORE: -U3 /home/gpadmin/workspace/gpdb6/src/test/regress/expected/partition_prune.out /home/gpadmin/workspace/gpdb6/src/test/regress/results/partition_prune.out
--- /home/gpadmin/workspace/gpdb6/src/test/regress/expected/partition_prune.out	2023-07-07 11:35:09.025409269 +0800
+++ /home/gpadmin/workspace/gpdb6/src/test/regress/results/partition_prune.out	2023-07-07 11:35:09.259411165 +0800
@@ -3254,7 +3254,7 @@
                            Filter: (b = $0)
                      ->  Seq Scan on ab_a2_b3 (never executed)
                            Filter: (b = $0)
-         ->  Materialize (actual rows=1 loops=1)
+         ->  Materialize (actual rows=1 loops=2)
                ->  Seq Scan on ab_a1_b1 (actual rows=1 loops=1)
    ->  Nested Loop (actual rows=1 loops=1)
          ->  Broadcast Motion 3:3  (slice3; segments: 3) (actual rows=1 loops=1)
@@ -3265,7 +3265,7 @@
                            Filter: (b = $0)
                      ->  Seq Scan on ab_a2_b3 (never executed)
                            Filter: (b = $0)
-         ->  Materialize (actual rows=1 loops=1)
+         ->  Materialize (actual rows=1 loops=2)
                ->  Seq Scan on ab_a1_b2 (actual rows=1 loops=1)
    ->  Nested Loop (actual rows=1 loops=1)
          ->  Broadcast Motion 3:3  (slice4; segments: 3) (actual rows=1 loops=1)
@@ -3276,7 +3276,7 @@
                            Filter: (b = $0)
                      ->  Seq Scan on ab_a2_b3 (never executed)
                            Filter: (b = $0)
-         ->  Materialize (actual rows=1 loops=1)
+         ->  Materialize (actual rows=1 loops=2)
                ->  Seq Scan on ab_a1_b3 (actual rows=1 loops=1)
 GP_IGNORE:(40 rows)
 
